[debug] [2021-06-12T05:43:42.530Z] ----------------------------------------------------------------------
[debug] [2021-06-12T05:43:42.532Z] Command:       C:\Program Files\nodejs\node.exe C:\Users\Dell\AppData\Roaming\npm\node_modules\firebase-tools\lib\bin\firebase.js deploy
[debug] [2021-06-12T05:43:42.532Z] CLI Version:   9.11.0
[debug] [2021-06-12T05:43:42.532Z] Platform:      win32
[debug] [2021-06-12T05:43:42.532Z] Node Version:  v15.0.1
[debug] [2021-06-12T05:43:42.533Z] Time:          Sat Jun 12 2021 11:13:42 GMT+0530 (India Standard Time)
[debug] [2021-06-12T05:43:42.534Z] ----------------------------------------------------------------------
[debug] 
[debug] [2021-06-12T05:43:42.540Z] > command requires scopes: ["email","openid","https://www.googleapis.com/auth/cloudplatformprojects.readonly","https://www.googleapis.com/auth/firebase","https://www.googleapis.com/auth/cloud-platform"]
[debug] [2021-06-12T05:43:42.540Z] > authorizing via signed-in user (himanshu.yadav@letsdive.io)
[debug] [2021-06-12T05:43:42.541Z] [iam] checking project da-cn-dev for permissions ["firebase.projects.get","firebasedatabase.instances.update","firebasehosting.sites.update"]
[debug] [2021-06-12T05:43:42.542Z] >>> HTTP REQUEST POST https://cloudresourcemanager.googleapis.com/v1/projects/da-cn-dev:testIamPermissions  
 {"permissions":["firebase.projects.get","firebasedatabase.instances.update","firebasehosting.sites.update"]}
[debug] [2021-06-12T05:43:44.514Z] <<< HTTP RESPONSE 200 {"content-type":"application/json; charset=UTF-8","vary":"X-Origin, Referer, Origin,Accept-Encoding","date":"Sat, 12 Jun 2021 05:43:45 GMT","server":"ESF","cache-control":"private","x-xss-protection":"0","x-frame-options":"SAMEORIGIN","x-content-type-options":"nosniff","server-timing":"gfet4t7; dur=1334","alt-svc":"h3=\":443\"; ma=2592000,h3-29=\":443\"; ma=2592000,h3-T051=\":443\"; ma=2592000,h3-Q050=\":443\"; ma=2592000,h3-Q046=\":443\"; ma=2592000,h3-Q043=\":443\"; ma=2592000,quic=\":443\"; ma=2592000; v=\"46,43\"","accept-ranges":"none","transfer-encoding":"chunked"}
[debug] [2021-06-12T05:43:44.516Z] > refreshing access token with scopes: []
[debug] [2021-06-12T05:43:44.516Z] >>> HTTP REQUEST POST https://www.googleapis.com/oauth2/v3/token  
 <request body omitted>
[debug] [2021-06-12T05:43:44.923Z] <<< HTTP RESPONSE 200 {"date":"Sat, 12 Jun 2021 05:43:46 GMT","expires":"Mon, 01 Jan 1990 00:00:00 GMT","cache-control":"no-cache, no-store, max-age=0, must-revalidate","pragma":"no-cache","content-type":"application/json; charset=utf-8","vary":"X-Origin, Referer, Origin,Accept-Encoding","server":"scaffolding on HTTPServer2","x-xss-protection":"0","x-frame-options":"SAMEORIGIN","x-content-type-options":"nosniff","alt-svc":"h3=\":443\"; ma=2592000,h3-29=\":443\"; ma=2592000,h3-T051=\":443\"; ma=2592000,h3-Q050=\":443\"; ma=2592000,h3-Q046=\":443\"; ma=2592000,h3-Q043=\":443\"; ma=2592000,quic=\":443\"; ma=2592000; v=\"46,43\"","accept-ranges":"none","transfer-encoding":"chunked"}
[debug] [2021-06-12T05:43:44.945Z] >>> [apiv2][query] GET https://firebase.googleapis.com/v1beta1/projects/da-cn-dev [none]
[debug] [2021-06-12T05:43:45.587Z] <<< [apiv2][status] GET https://firebase.googleapis.com/v1beta1/projects/da-cn-dev 200
[debug] [2021-06-12T05:43:45.587Z] <<< [apiv2][body] GET https://firebase.googleapis.com/v1beta1/projects/da-cn-dev {"projectId":"da-cn-dev","projectNumber":"50285255069","displayName":"da-cn-dev","name":"projects/da-cn-dev","resources":{"hostingSite":"da-cn-dev","realtimeDatabaseInstance":"da-cn-dev-default-rtdb"},"state":"ACTIVE"}
[debug] [2021-06-12T05:43:45.588Z] >>> [apiv2][query] GET https://firebase.googleapis.com/v1beta1/projects/da-cn-dev [none]
[debug] [2021-06-12T05:43:46.971Z] <<< [apiv2][status] GET https://firebase.googleapis.com/v1beta1/projects/da-cn-dev 200
[debug] [2021-06-12T05:43:46.972Z] <<< [apiv2][body] GET https://firebase.googleapis.com/v1beta1/projects/da-cn-dev {"projectId":"da-cn-dev","projectNumber":"50285255069","displayName":"da-cn-dev","name":"projects/da-cn-dev","resources":{"hostingSite":"da-cn-dev","realtimeDatabaseInstance":"da-cn-dev-default-rtdb"},"state":"ACTIVE"}
[info] 
[info] === Deploying to 'da-cn-dev'...
[info] 
[info] i  deploying database, hosting 
[info] i  database: checking rules syntax... 
[debug] [2021-06-12T05:43:46.982Z] > refreshing access token with scopes: ["email","https://www.googleapis.com/auth/cloud-platform","https://www.googleapis.com/auth/cloudplatformprojects.readonly","https://www.googleapis.com/auth/firebase","openid"]
[debug] [2021-06-12T05:43:46.983Z] >>> HTTP REQUEST POST https://www.googleapis.com/oauth2/v3/token  
 <request body omitted>
[debug] [2021-06-12T05:43:47.423Z] <<< HTTP RESPONSE 200 {"expires":"Mon, 01 Jan 1990 00:00:00 GMT","cache-control":"no-cache, no-store, max-age=0, must-revalidate","date":"Sat, 12 Jun 2021 05:43:48 GMT","pragma":"no-cache","content-type":"application/json; charset=utf-8","vary":"X-Origin, Referer, Origin,Accept-Encoding","server":"scaffolding on HTTPServer2","x-xss-protection":"0","x-frame-options":"SAMEORIGIN","x-content-type-options":"nosniff","alt-svc":"h3=\":443\"; ma=2592000,h3-29=\":443\"; ma=2592000,h3-T051=\":443\"; ma=2592000,h3-Q050=\":443\"; ma=2592000,h3-Q046=\":443\"; ma=2592000,h3-Q043=\":443\"; ma=2592000,quic=\":443\"; ma=2592000; v=\"46,43\"","accept-ranges":"none","transfer-encoding":"chunked"}
[debug] [2021-06-12T05:43:47.438Z] >>> HTTP REQUEST GET https://firebasedatabase.googleapis.com/v1beta/projects/da-cn-dev/locations/-/instances/da-cn-dev-default-rtdb  
 
[debug] [2021-06-12T05:43:48.100Z] <<< HTTP RESPONSE 200 {"content-type":"application/json; charset=UTF-8","vary":"X-Origin, Referer, Origin,Accept-Encoding","date":"Sat, 12 Jun 2021 05:43:49 GMT","server":"ESF","cache-control":"private","x-xss-protection":"0","x-frame-options":"SAMEORIGIN","x-content-type-options":"nosniff","alt-svc":"h3=\":443\"; ma=2592000,h3-29=\":443\"; ma=2592000,h3-T051=\":443\"; ma=2592000,h3-Q050=\":443\"; ma=2592000,h3-Q046=\":443\"; ma=2592000,h3-Q043=\":443\"; ma=2592000,quic=\":443\"; ma=2592000; v=\"46,43\"","accept-ranges":"none","transfer-encoding":"chunked"}
[debug] [2021-06-12T05:43:48.103Z] >>> HTTP REQUEST PUT https://da-cn-dev-default-rtdb.firebaseio.com/.settings/rules.json?dryRun=true  
 {
    "rules": {
      ".read": true,
      ".write": true
    }
  }
[debug] [2021-06-12T05:43:48.943Z] Error: read ECONNRESET
    at TLSWrap.onStreamRead (node:internal/stream_base_commons:213:20)
[error] 
[error] Error: Server Error. read ECONNRESET
[debug] [2021-06-12T05:43:56.534Z] ----------------------------------------------------------------------
[debug] [2021-06-12T05:43:56.537Z] Command:       C:\Program Files\nodejs\node.exe C:\Users\Dell\AppData\Roaming\npm\node_modules\firebase-tools\lib\bin\firebase.js deploy
[debug] [2021-06-12T05:43:56.538Z] CLI Version:   9.11.0
[debug] [2021-06-12T05:43:56.538Z] Platform:      win32
[debug] [2021-06-12T05:43:56.538Z] Node Version:  v15.0.1
[debug] [2021-06-12T05:43:56.539Z] Time:          Sat Jun 12 2021 11:13:56 GMT+0530 (India Standard Time)
[debug] [2021-06-12T05:43:56.539Z] ----------------------------------------------------------------------
[debug] 
[debug] [2021-06-12T05:43:56.549Z] > command requires scopes: ["email","openid","https://www.googleapis.com/auth/cloudplatformprojects.readonly","https://www.googleapis.com/auth/firebase","https://www.googleapis.com/auth/cloud-platform"]
[debug] [2021-06-12T05:43:56.549Z] > authorizing via signed-in user (himanshu.yadav@letsdive.io)
[debug] [2021-06-12T05:43:56.550Z] [iam] checking project da-cn-dev for permissions ["firebase.projects.get","firebasedatabase.instances.update","firebasehosting.sites.update"]
[debug] [2021-06-12T05:43:56.551Z] >>> HTTP REQUEST POST https://cloudresourcemanager.googleapis.com/v1/projects/da-cn-dev:testIamPermissions  
 {"permissions":["firebase.projects.get","firebasedatabase.instances.update","firebasehosting.sites.update"]}
[debug] [2021-06-12T05:43:58.440Z] <<< HTTP RESPONSE 200 {"content-type":"application/json; charset=UTF-8","vary":"X-Origin, Referer, Origin,Accept-Encoding","date":"Sat, 12 Jun 2021 05:43:59 GMT","server":"ESF","cache-control":"private","x-xss-protection":"0","x-frame-options":"SAMEORIGIN","x-content-type-options":"nosniff","server-timing":"gfet4t7; dur=1342","alt-svc":"h3=\":443\"; ma=2592000,h3-29=\":443\"; ma=2592000,h3-T051=\":443\"; ma=2592000,h3-Q050=\":443\"; ma=2592000,h3-Q046=\":443\"; ma=2592000,h3-Q043=\":443\"; ma=2592000,quic=\":443\"; ma=2592000; v=\"46,43\"","accept-ranges":"none","transfer-encoding":"chunked"}
[debug] [2021-06-12T05:43:58.443Z] > refreshing access token with scopes: []
[debug] [2021-06-12T05:43:58.443Z] >>> HTTP REQUEST POST https://www.googleapis.com/oauth2/v3/token  
 <request body omitted>
[debug] [2021-06-12T05:43:58.859Z] <<< HTTP RESPONSE 200 {"expires":"Mon, 01 Jan 1990 00:00:00 GMT","pragma":"no-cache","date":"Sat, 12 Jun 2021 05:43:59 GMT","cache-control":"no-cache, no-store, max-age=0, must-revalidate","content-type":"application/json; charset=utf-8","vary":"X-Origin, Referer, Origin,Accept-Encoding","server":"scaffolding on HTTPServer2","x-xss-protection":"0","x-frame-options":"SAMEORIGIN","x-content-type-options":"nosniff","alt-svc":"h3=\":443\"; ma=2592000,h3-29=\":443\"; ma=2592000,h3-T051=\":443\"; ma=2592000,h3-Q050=\":443\"; ma=2592000,h3-Q046=\":443\"; ma=2592000,h3-Q043=\":443\"; ma=2592000,quic=\":443\"; ma=2592000; v=\"46,43\"","accept-ranges":"none","transfer-encoding":"chunked"}
[debug] [2021-06-12T05:43:58.881Z] >>> [apiv2][query] GET https://firebase.googleapis.com/v1beta1/projects/da-cn-dev [none]
[debug] [2021-06-12T05:43:59.674Z] <<< [apiv2][status] GET https://firebase.googleapis.com/v1beta1/projects/da-cn-dev 200
[debug] [2021-06-12T05:43:59.674Z] <<< [apiv2][body] GET https://firebase.googleapis.com/v1beta1/projects/da-cn-dev {"projectId":"da-cn-dev","projectNumber":"50285255069","displayName":"da-cn-dev","name":"projects/da-cn-dev","resources":{"hostingSite":"da-cn-dev","realtimeDatabaseInstance":"da-cn-dev-default-rtdb"},"state":"ACTIVE"}
[debug] [2021-06-12T05:43:59.675Z] >>> [apiv2][query] GET https://firebase.googleapis.com/v1beta1/projects/da-cn-dev [none]
[debug] [2021-06-12T05:44:20.738Z] Failed to make request to https://firebase.googleapis.com/v1beta1/projects/da-cn-dev
[debug] [2021-06-12T05:44:20.744Z] FirebaseError: Failed to make request to https://firebase.googleapis.com/v1beta1/projects/da-cn-dev
    at Client.doRequest (C:\Users\Dell\AppData\Roaming\npm\node_modules\firebase-tools\lib\apiv2.js:211:19)
    at processTicksAndRejections (node:internal/process/task_queues:93:5)
    at async Client.request (C:\Users\Dell\AppData\Roaming\npm\node_modules\firebase-tools\lib\apiv2.js:96:20)
    at async Object.getFirebaseProject (C:\Users\Dell\AppData\Roaming\npm\node_modules\firebase-tools\lib\management\projects.js:290:21)
    at async Object.getDefaultHostingSite (C:\Users\Dell\AppData\Roaming\npm\node_modules\firebase-tools\lib\getDefaultHostingSite.js:8:21)
    at async requireHostingSite (C:\Users\Dell\AppData\Roaming\npm\node_modules\firebase-tools\lib\requireHostingSite.js:9:18)
    at async Object.fn (C:\Users\Dell\AppData\Roaming\npm\node_modules\firebase-tools\lib\commands\deploy.js:66:9)
    at async C:\Users\Dell\AppData\Roaming\npm\node_modules\firebase-tools\lib\command.js:169:17
[error] 
[error] Error: Failed to get Firebase project da-cn-dev. Please make sure the project exists and your account has permission to access it.
